-------------------------------------------------------------------------------
Test set: com.dev.services.DenunciaServiceTest
-------------------------------------------------------------------------------
Tests run: 4, Failures: 1, Errors: 0, Skipped: 0, Time elapsed: 2.235 s <<< FAILURE! - in com.dev.services.DenunciaServiceTest
RegistrarDenunciaTest  Time elapsed: 0.222 s  <<< FAILURE!
java.lang.AssertionError
	at com.dev.services.DenunciaServiceTest.RegistrarDenunciaTest(DenunciaServiceTest.java:116)

